/usr/bin/env time -v /home/chem3000/GitClones/vtr_ccl/vtr-verilog-to-routing/abc/abc -c echo ""; echo "Load Netlist"; echo "============"; read 0_or.odin.blif; time; echo ""; echo "Circuit Info"; echo "=========="; print_stats; print_latch; time; echo ""; echo "LUT Costs"; echo "========="; print_lut; time; echo ""; echo "Logic Opt + Techmap"; echo "==================="; strash; ifraig -v; scorr -v; dc2 -v; dch -f; if -K 6 -v; mfs2 -v; print_stats; time; echo ""; echo "Output Netlist"; echo "=============="; write_hie 0_or.odin.blif 0_or.raw.abc.blif; time;
ABC command line: "echo ""; echo "Load Netlist"; echo "============"; read 0_or.odin.blif; time; echo ""; echo "Circuit Info"; echo "=========="; print_stats; print_latch; time; echo ""; echo "LUT Costs"; echo "========="; print_lut; time; echo ""; echo "Logic Opt + Techmap"; echo "==================="; strash; ifraig -v; scorr -v; dc2 -v; dch -f; if -K 6 -v; mfs2 -v; print_stats; time; echo ""; echo "Output Netlist"; echo "=============="; write_hie 0_or.odin.blif 0_or.raw.abc.blif; time;".

 
Load Netlist 
============ 
Warning: The design has 2 root-level modules. The first one (simpleOR) will be used.
elapse: 0.00 seconds, total: 0.00 seconds
 
Circuit Info 
========== 
[1;37msimpleOR                      :[0m i/o =   15/    7  lat =    0  nd =    17  edge =     21  cube =    21  lev = 2
The network is combinational.
elapse: 0.00 seconds, total: 0.00 seconds
 
LUT Costs 
========= 
# The area/delay of k-variable LUTs:
# k    area     delay
1      1.00      1.00
2      1.00      1.00
3      1.00      1.00
4      1.00      1.00
elapse: 0.00 seconds, total: 0.00 seconds
 
Logic Opt + Techmap 
=================== 
SimWords = 32. Rounds = 4. Mem = 0.00 MB.  Classes: Beg = 0. End = 0.
Proof = 0. Counter-example = 0. Fail = 0. FailReal = 0. Zero = 0.
Final = 7. Miter = 7. Total = 7. Mux = 0. (Exor = 0.) SatVars = 0.
AIG simulation   =     0.00 sec
AIG traversal    =     0.00 sec
SAT solving      =     0.00 sec
    Unsat        =     0.00 sec
    Sat          =     0.00 sec
    Fail         =     0.00 sec
Class refining   =     0.00 sec
TOTAL RUNTIME    =     0.00 sec
Warning: The network is combinational (run "fraig" or "fraig_sweep").
Starting:  simpleOR        : pi =    15  po =     7  and =       7  lev =   1
Rewrite:   simpleOR        : pi =    15  po =     7  and =       7  lev =   1
Refactor:  simpleOR        : pi =    15  po =     7  and =       7  lev =   1
Balance:   simpleOR        : pi =    15  po =     7  and =       7  lev =   1
Rewrite:   simpleOR        : pi =    15  po =     7  and =       7  lev =   1
RewriteZ:  simpleOR        : pi =    15  po =     7  and =       7  lev =   1
RefactorZ: simpleOR        : pi =    15  po =     7  and =       7  lev =   1
RewriteZ:  simpleOR        : pi =    15  po =     7  and =       7  lev =   1
K = 6. Memory (bytes): Truth =    0. Cut =   56. Obj =  136. Set =  600. CutMin = no
Node =       7.  Ch =     0.  Total mem =    0.00 MB. Peak cut mem =    0.00 MB.
P:  Del =    1.00.  Ar =       7.0.  Edge =       14.  Cut =        7.  T =     0.00 sec
P:  Del =    1.00.  Ar =       7.0.  Edge =       14.  Cut =        7.  T =     0.00 sec
P:  Del =    1.00.  Ar =       7.0.  Edge =       14.  Cut =        7.  T =     0.00 sec
E:  Del =    1.00.  Ar =       7.0.  Edge =       14.  Cut =        7.  T =     0.00 sec
F:  Del =    1.00.  Ar =       7.0.  Edge =       14.  Cut =        7.  T =     0.00 sec
E:  Del =    1.00.  Ar =       7.0.  Edge =       14.  Cut =        7.  T =     0.00 sec
A:  Del =    1.00.  Ar =       7.0.  Edge =       14.  Cut =        7.  T =     0.00 sec
E:  Del =    1.00.  Ar =       7.0.  Edge =       14.  Cut =        7.  T =     0.00 sec
A:  Del =    1.00.  Ar =       7.0.  Edge =       14.  Cut =        7.  T =     0.00 sec
E:  Del =    1.00.  Ar =       7.0.  Edge =       14.  Cut =        7.  T =     0.00 sec
Total time =     0.00 sec
Performing MFS with 15 PIs, 7 POs, 7 nodes (7 flexible, 0 fixed, 0 empty).
Nodes = 7. Try = 7. Resub = 0. Div = 0 (ave = 0). SAT calls = 42. Timeouts = 0. MaxDivs = 0.
Attempts :   Remove      0 out of     14 (  0.00 %)   Resub       0 out of      0 (  0.00 %)   
Reduction:   Nodes       0 out of      7 (  0.00 %)   Edges       0 out of     14 (  0.00 %)   
Win =     0.00 sec (  0.26 %)
Div =     0.00 sec (  0.52 %)
Cnf =     0.00 sec (  2.07 %)
Sat =     0.00 sec (  5.43 %)
Oth =     0.00 sec ( 91.73 %)
ALL =     0.00 sec (100.00 %)
[1;37msimpleOR                      :[0m i/o =   15/    7  lat =    0  nd =     7  edge =     14  cube =     7  lev = 1
elapse: 0.00 seconds, total: 0.00 seconds
 
Output Netlist 
============== 
Warning: The design has 2 root-level modules. The first one (simpleOR) will be used.
Warning: The output network does not contain blackboxes.
elapse: 0.00 seconds, total: 0.00 seconds
	Command being timed: "/home/chem3000/GitClones/vtr_ccl/vtr-verilog-to-routing/abc/abc -c echo ""; echo "Load Netlist"; echo "============"; read 0_or.odin.blif; time; echo ""; echo "Circuit Info"; echo "=========="; print_stats; print_latch; time; echo ""; echo "LUT Costs"; echo "========="; print_lut; time; echo ""; echo "Logic Opt + Techmap"; echo "==================="; strash; ifraig -v; scorr -v; dc2 -v; dch -f; if -K 6 -v; mfs2 -v; print_stats; time; echo ""; echo "Output Netlist"; echo "=============="; write_hie 0_or.odin.blif 0_or.raw.abc.blif; time;"
	User time (seconds): 0.01
	System time (seconds): 0.00
	Percent of CPU this job got: 94%
	Elapsed (wall clock) time (h:mm:ss or m:ss): 0:00.01
	Average shared text size (kbytes): 0
	Average unshared data size (kbytes): 0
	Average stack size (kbytes): 0
	Average total size (kbytes): 0
	Maximum resident set size (kbytes): 33292
	Average resident set size (kbytes): 0
	Major (requiring I/O) page faults: 0
	Minor (reclaiming a frame) page faults: 6944
	Voluntary context switches: 1
	Involuntary context switches: 0
	Swaps: 0
	File system inputs: 0
	File system outputs: 8
	Socket messages sent: 0
	Socket messages received: 0
	Signals delivered: 0
	Page size (bytes): 4096
	Exit status: 0
