/usr/bin/env time -v /home/chem3000/GitClones/vtr_ccl/vtr-verilog-to-routing/abc/abc -c echo ""; echo "Load Netlist"; echo "============"; read 1_stereovision3.odin.blif; time; echo ""; echo "Circuit Info"; echo "=========="; print_stats; print_latch; time; echo ""; echo "LUT Costs"; echo "========="; print_lut; time; echo ""; echo "Logic Opt + Techmap"; echo "==================="; strash; ifraig -v; scorr -v; dc2 -v; dch -f; if -K 6 -v; mfs2 -v; print_stats; time; echo ""; echo "Output Netlist"; echo "=============="; write_hie 1_stereovision3.odin.blif 1_stereovision3.raw.abc.blif; time;
ABC command line: "echo ""; echo "Load Netlist"; echo "============"; read 1_stereovision3.odin.blif; time; echo ""; echo "Circuit Info"; echo "=========="; print_stats; print_latch; time; echo ""; echo "LUT Costs"; echo "========="; print_lut; time; echo ""; echo "Logic Opt + Techmap"; echo "==================="; strash; ifraig -v; scorr -v; dc2 -v; dch -f; if -K 6 -v; mfs2 -v; print_stats; time; echo ""; echo "Output Netlist"; echo "=============="; write_hie 1_stereovision3.odin.blif 1_stereovision3.raw.abc.blif; time;".

 
Load Netlist 
============ 
Hierarchy reader converted 84 instances of blackboxes.
elapse: 0.00 seconds, total: 0.00 seconds
 
Circuit Info 
========== 
[1;37msv_chip3_hierarchy_no_mem     :[0m i/o =  105/  114  lat =   18  nd =   188  edge =    657  cube =   407  lev = 4
Total latches =    18. Init0 = 18. Init1 = 0. InitDC = 0. Const data = 0.
elapse: 0.00 seconds, total: 0.00 seconds
 
LUT Costs 
========= 
# The area/delay of k-variable LUTs:
# k    area     delay
1      1.00      1.00
2      1.00      1.00
3      1.00      1.00
4      1.00      1.00
elapse: 0.00 seconds, total: 0.00 seconds
 
Logic Opt + Techmap 
=================== 
SimWords = 32. Rounds = 6. Mem = 0.12 MB.  Classes: Beg = 9. End = 9.
Proof = 9. Counter-example = 0. Fail = 0. FailReal = 0. Zero = 0.
Final = 676. Miter = 688. Total = 688. Mux = 0. (Exor = 0.) SatVars = 51.
starts        :                4
conflicts     :                8
decisions     :             1925
propagations  :             2082
AIG simulation   =     0.00 sec
AIG traversal    =     0.00 sec
SAT solving      =     0.00 sec
    Unsat        =     0.00 sec
    Sat          =     0.00 sec
    Fail         =     0.00 sec
Class refining   =     0.00 sec
TOTAL RUNTIME    =     0.00 sec
Allocated 0.03 MB to store simulation information.
Initial simulation of 4 frames with 2 words.     Time =     0.00 sec
Collecting candidate equivalence classes.        Time =     0.00 sec
Simulation of 4 frames with 2 words (15 rounds). Time =     0.00 sec
Before BMC: Equiv classes: Const1 =    97. Class =    29. Lit =   178.
After  BMC: Equiv classes: Const1 =    96. Class =    28. Lit =   176.
  0 : C =     74. Cl =     29. LR =    37. NR =   739. F =    0. - T =     0.00 sec
  1 : C =     41. Cl =     28. LR =    32. NR =   799. F =    0. - T =     0.00 sec
  2 : C =     32. Cl =     26. LR =    35. NR =   860. F =    0. - T =     0.00 sec
  3 : C =     28. Cl =     29. LR =    30. NR =   892. F =    0. - T =     0.00 sec
  4 : C =     28. Cl =     29. LR =    18. NR =   894. F =    0. - T =     0.00 sec
  5 : C =     17. Cl =     27. LR =    12. NR =   894. F =    0. - T =     0.00 sec
  6 : C =     14. Cl =     22. LR =    36. NR =   990. F =    0. - T =     0.00 sec
  7 : C =     11. Cl =     18. LR =    25. NR =  1001. F =    0. - T =     0.00 sec
  8 : C =      8. Cl =     18. LR =    19. NR =  1009. F =    0. - T =     0.00 sec
  9 : C =      5. Cl =     14. LR =    16. NR =  1020. F =    0. - T =     0.00 sec
 10 : C =      4. Cl =     13. LR =    14. NR =  1035. F =    0. - T =     0.00 sec
 11 : C =      3. Cl =     10. LR =    12. NR =  1038. F =    0. - T =     0.00 sec
 12 : C =      1. Cl =      7. LR =    10. NR =  1043. F =    0. - T =     0.00 sec
 13 : C =      1. Cl =      7. LR =     7. NR =  1046. F =    0. - T =     0.00 sec
Parameters: F = 1. AddF = 2. C-lim = 1000. Constr = 0. MaxLev = 0. Mem = 0.04 MB.
AIG       : PI = 105. PO = 114. Latch = 18. Node = 676.  Ave SAT vars = 0.
SAT calls : Proof = 227. Cex = 38. Fail = 0. Lits proved = 8.
SAT solver: Vars max = 308. Calls max = 36. Recycles = 0. Sim rounds = 0.
NBeg = 676. NEnd = 662. (Gain =   2.07 %).  RBeg = 18. REnd = 18. (Gain =   0.00 %).
BMC         =     0.00 sec (  1.09 %)
Spec reduce =     0.00 sec ( 17.13 %)
Mark cones  =     0.00 sec (  0.00 %)
Sim SAT     =     0.00 sec ( 14.09 %)
SAT solving =     0.01 sec ( 26.52 %)
  unsat     =     0.00 sec ( 10.88 %)
  sat       =     0.00 sec ( 15.85 %)
  undecided =     0.00 sec (  0.00 %)
Other       =     0.01 sec ( 41.17 %)
TOTAL       =     0.03 sec (100.00 %)
Starting:  sv_chip3_hierarchy_no_mem : pi =   105  po =   114  lat =    18  and =     662  lev =  16
Rewrite:   sv_chip3_hierarchy_no_mem : pi =   105  po =   114  lat =    18  and =     580  lev =  17
Refactor:  sv_chip3_hierarchy_no_mem : pi =   105  po =   114  lat =    18  and =     563  lev =  17
Balance:   sv_chip3_hierarchy_no_mem : pi =   105  po =   114  lat =    18  and =     561  lev =  12
Rewrite:   sv_chip3_hierarchy_no_mem : pi =   105  po =   114  lat =    18  and =     554  lev =  13
RewriteZ:  sv_chip3_hierarchy_no_mem : pi =   105  po =   114  lat =    18  and =     545  lev =  14
RefactorZ: sv_chip3_hierarchy_no_mem : pi =   105  po =   114  lat =    18  and =     530  lev =  15
RewriteZ:  sv_chip3_hierarchy_no_mem : pi =   105  po =   114  lat =    18  and =     525  lev =  16
K = 6. Memory (bytes): Truth =    0. Cut =   56. Obj =  136. Set =  600. CutMin = no
Node =     894.  Ch =   124.  Total mem =    0.17 MB. Peak cut mem =    0.03 MB.
P:  Del =    4.00.  Ar =     176.0.  Edge =      749.  Cut =    11350.  T =     0.00 sec
P:  Del =    4.00.  Ar =     155.0.  Edge =      690.  Cut =     9494.  T =     0.00 sec
P:  Del =    4.00.  Ar =     158.0.  Edge =      692.  Cut =     9567.  T =     0.00 sec
F:  Del =    4.00.  Ar =     152.0.  Edge =      685.  Cut =     9042.  T =     0.00 sec
A:  Del =    4.00.  Ar =     151.0.  Edge =      596.  Cut =     9416.  T =     0.00 sec
A:  Del =    4.00.  Ar =     151.0.  Edge =      596.  Cut =     9457.  T =     0.00 sec
Total time =     0.02 sec
Duplicated 33 gates to decouple the CO drivers.
Performing MFS with 123 PIs, 132 POs, 186 nodes (186 flexible, 0 fixed, 0 empty).
Nodes = 186. Try = 156. Resub = 5. Div = 1409 (ave = 9). SAT calls = 2383. Timeouts = 0. MaxDivs = 0.
Attempts :   Remove      4 out of    608 (  0.66 %)   Resub       1 out of     45 (  2.22 %)   
Reduction:   Nodes       2 out of    184 (  1.09 %)   Edges      12 out of    629 (  1.91 %)   
Win =     0.00 sec (  2.07 %)
Div =     0.00 sec (  3.23 %)
Cnf =     0.00 sec ( 15.35 %)
Sat =     0.02 sec ( 76.36 %)
Oth =     0.00 sec (  2.98 %)
ALL =     0.02 sec (100.00 %)
The network has 4 nodes changed by "mfs".
[1;37msv_chip3_hierarchy_no_mem     :[0m i/o =  105/  114  lat =   18  nd =   184  edge =    617  cube =   388  lev = 4
elapse: 0.16 seconds, total: 0.16 seconds
 
Output Netlist 
============== 
Hierarchy writer reintroduced 84 instances of blackboxes.
elapse: 0.00 seconds, total: 0.17 seconds
	Command being timed: "/home/chem3000/GitClones/vtr_ccl/vtr-verilog-to-routing/abc/abc -c echo ""; echo "Load Netlist"; echo "============"; read 1_stereovision3.odin.blif; time; echo ""; echo "Circuit Info"; echo "=========="; print_stats; print_latch; time; echo ""; echo "LUT Costs"; echo "========="; print_lut; time; echo ""; echo "Logic Opt + Techmap"; echo "==================="; strash; ifraig -v; scorr -v; dc2 -v; dch -f; if -K 6 -v; mfs2 -v; print_stats; time; echo ""; echo "Output Netlist"; echo "=============="; write_hie 1_stereovision3.odin.blif 1_stereovision3.raw.abc.blif; time;"
	User time (seconds): 0.20
	System time (seconds): 0.02
	Percent of CPU this job got: 100%
	Elapsed (wall clock) time (h:mm:ss or m:ss): 0:00.22
	Average shared text size (kbytes): 0
	Average unshared data size (kbytes): 0
	Average stack size (kbytes): 0
	Average total size (kbytes): 0
	Maximum resident set size (kbytes): 37884
	Average resident set size (kbytes): 0
	Major (requiring I/O) page faults: 0
	Minor (reclaiming a frame) page faults: 14018
	Voluntary context switches: 1
	Involuntary context switches: 1
	Swaps: 0
	File system inputs: 0
	File system outputs: 96
	Socket messages sent: 0
	Socket messages received: 0
	Signals delivered: 0
	Page size (bytes): 4096
	Exit status: 0
