/usr/bin/env time -v /home/chem3000/GitClones/vtr_ccl/vtr-verilog-to-routing/vtr_flow/scripts/blackbox_latches.pl --input 1_stereovision3.abc.blif --output stereovision3.abc.blif --vanilla
using input blif: 1_stereovision3.abc.blif
using output blif: stereovision3.abc.blif
Usage Statistic:
	<Clock UniqID>	#<Number of Latches impacted>
____
Vanilla Latches:
	latch_^_re_^_sv_chip3_hierarchy_no_mem^tm3_clk_v0_^_0	#82
	latch_^_re_^_sv_chip3_hierarchy_no_mem^tm3_clk_v2_^_0	#18
____
Black Boxed Latches:
	-None-

	Command being timed: "/home/chem3000/GitClones/vtr_ccl/vtr-verilog-to-routing/vtr_flow/scripts/blackbox_latches.pl --input 1_stereovision3.abc.blif --output stereovision3.abc.blif --vanilla"
	User time (seconds): 0.00
	System time (seconds): 0.00
	Percent of CPU this job got: 80%
	Elapsed (wall clock) time (h:mm:ss or m:ss): 0:00.00
	Average shared text size (kbytes): 0
	Average unshared data size (kbytes): 0
	Average stack size (kbytes): 0
	Average total size (kbytes): 0
	Maximum resident set size (kbytes): 5692
	Average resident set size (kbytes): 0
	Major (requiring I/O) page faults: 0
	Minor (reclaiming a frame) page faults: 359
	Voluntary context switches: 1
	Involuntary context switches: 0
	Swaps: 0
	File system inputs: 0
	File system outputs: 88
	Socket messages sent: 0
	Socket messages received: 0
	Signals delivered: 0
	Page size (bytes): 4096
	Exit status: 0
