#Packing pin usage report
Type: io
	Input Pin Usage:
		Max: 1.00 (0.50)
		Avg: 0.73 (0.37)
		Min: 0.00 (0.00)
		Histogram:
		[        0:      0.2) 11 ( 26.8%) |******************
		[      0.2:      0.4)  0 (  0.0%) |
		[      0.4:      0.6)  0 (  0.0%) |
		[      0.6:      0.8)  0 (  0.0%) |
		[      0.8:        1) 30 ( 73.2%) |************************************************
		[        1:      1.2)  0 (  0.0%) |
		[      1.2:      1.4)  0 (  0.0%) |
		[      1.4:      1.6)  0 (  0.0%) |
		[      1.6:      1.8)  0 (  0.0%) |
		[      1.8:        2)  0 (  0.0%) |
	Output Pin Usage:
		Max: 1.00 (1.00)
		Avg: 0.27 (0.27)
		Min: 0.00 (0.00)
		Histogram:
		[        0:      0.1) 30 ( 73.2%) |************************************************
		[      0.1:      0.2)  0 (  0.0%) |
		[      0.2:      0.3)  0 (  0.0%) |
		[      0.3:      0.4)  0 (  0.0%) |
		[      0.4:      0.5)  0 (  0.0%) |
		[      0.5:      0.6)  0 (  0.0%) |
		[      0.6:      0.7)  0 (  0.0%) |
		[      0.7:      0.8)  0 (  0.0%) |
		[      0.8:      0.9)  0 (  0.0%) |
		[      0.9:        1) 11 ( 26.8%) |******************

Type: clb
	Input Pin Usage:
		Max: 19.00 (0.46)
		Avg: 8.95 (0.22)
		Min: 0.00 (0.00)
		Histogram:
		[        0:      4.1) 4 ( 21.1%) |*********************************
		[      4.1:      8.2) 6 ( 31.6%) |*************************************************
		[      8.2:       12) 4 ( 21.1%) |*********************************
		[       12:       16) 4 ( 21.1%) |*********************************
		[       16:       20) 1 (  5.3%) |********
		[       20:       25) 0 (  0.0%) |
		[       25:       29) 0 (  0.0%) |
		[       29:       33) 0 (  0.0%) |
		[       33:       37) 0 (  0.0%) |
		[       37:       41) 0 (  0.0%) |
	Output Pin Usage:
		Max: 10.00 (1.00)
		Avg: 4.89 (0.49)
		Min: 1.00 (0.10)
		Histogram:
		[        0:        1) 3 ( 15.8%) |*****************************
		[        1:        2) 1 (  5.3%) |**********
		[        2:        3) 0 (  0.0%) |
		[        3:        4) 5 ( 26.3%) |*************************************************
		[        4:        5) 3 ( 15.8%) |*****************************
		[        5:        6) 2 ( 10.5%) |********************
		[        6:        7) 2 ( 10.5%) |********************
		[        7:        8) 1 (  5.3%) |**********
		[        8:        9) 1 (  5.3%) |**********
		[        9:       10) 1 (  5.3%) |**********

