#Packing pin usage report
Type: io
	Input Pin Usage:
		Max: 1.00 (0.50)
		Avg: 0.33 (0.17)
		Min: 0.00 (0.00)
		Histogram:
		[        0:      0.2) 14 ( 66.7%) |************************************************
		[      0.2:      0.4)  0 (  0.0%) |
		[      0.4:      0.6)  0 (  0.0%) |
		[      0.6:      0.8)  0 (  0.0%) |
		[      0.8:        1)  7 ( 33.3%) |************************
		[        1:      1.2)  0 (  0.0%) |
		[      1.2:      1.4)  0 (  0.0%) |
		[      1.4:      1.6)  0 (  0.0%) |
		[      1.6:      1.8)  0 (  0.0%) |
		[      1.8:        2)  0 (  0.0%) |
	Output Pin Usage:
		Max: 1.00 (1.00)
		Avg: 0.67 (0.67)
		Min: 0.00 (0.00)
		Histogram:
		[        0:      0.1)  7 ( 33.3%) |************************
		[      0.1:      0.2)  0 (  0.0%) |
		[      0.2:      0.3)  0 (  0.0%) |
		[      0.3:      0.4)  0 (  0.0%) |
		[      0.4:      0.5)  0 (  0.0%) |
		[      0.5:      0.6)  0 (  0.0%) |
		[      0.6:      0.7)  0 (  0.0%) |
		[      0.7:      0.8)  0 (  0.0%) |
		[      0.8:      0.9)  0 (  0.0%) |
		[      0.9:        1) 14 ( 66.7%) |************************************************

Type: clb
	Input Pin Usage:
		Max: 2.00 (0.04)
		Avg: 2.00 (0.04)
		Min: 2.00 (0.04)
		Histogram:
		[        0:      5.7) 7 (100.0%) |*************************************************
		[      5.7:       11) 0 (  0.0%) |
		[       11:       17) 0 (  0.0%) |
		[       17:       23) 0 (  0.0%) |
		[       23:       28) 0 (  0.0%) |
		[       28:       34) 0 (  0.0%) |
		[       34:       40) 0 (  0.0%) |
		[       40:       46) 0 (  0.0%) |
		[       46:       51) 0 (  0.0%) |
		[       51:       57) 0 (  0.0%) |
	Output Pin Usage:
		Max: 1.00 (0.04)
		Avg: 1.00 (0.04)
		Min: 1.00 (0.04)
		Histogram:
		[        0:      2.4) 7 (100.0%) |*************************************************
		[      2.4:      4.8) 0 (  0.0%) |
		[      4.8:      7.2) 0 (  0.0%) |
		[      7.2:      9.6) 0 (  0.0%) |
		[      9.6:       12) 0 (  0.0%) |
		[       12:       14) 0 (  0.0%) |
		[       14:       17) 0 (  0.0%) |
		[       17:       19) 0 (  0.0%) |
		[       19:       22) 0 (  0.0%) |
		[       22:       24) 0 (  0.0%) |

