#Timing report of worst 7 path(s)
# Unit scale: 1e-09 seconds
# Output precision: 3

#Path 1
Startpoint: simpleOR^in~0.inpad[0] (.input clocked by virtual_io_clock)
Endpoint  : out:simpleOR^o_led~0.outpad[0] (.output clocked by virtual_io_clock)
Path Type : setup

Point                                                             Incr      Path
--------------------------------------------------------------------------------
clock virtual_io_clock (rise edge)                               0.000     0.000
clock source latency                                             0.000     0.000
input external delay                                             0.000     0.000
simpleOR^in~0.inpad[0] (.input)                                  0.000     0.000
simpleOR^o_led~0.in[0] (.names)                                  1.338     1.338
simpleOR^o_led~0.out[0] (.names)                                 0.152     1.490
out:simpleOR^o_led~0.outpad[0] (.output)                         1.338     2.828
data arrival time                                                          2.828

clock virtual_io_clock (rise edge)                               0.000     0.000
clock source latency                                             0.000     0.000
clock uncertainty                                                0.000     0.000
output external delay                                            0.000     0.000
data required time                                                         0.000
--------------------------------------------------------------------------------
data required time                                                         0.000
data arrival time                                                         -2.828
--------------------------------------------------------------------------------
slack (VIOLATED)                                                          -2.828


#Path 2
Startpoint: simpleOR^in~2.inpad[0] (.input clocked by virtual_io_clock)
Endpoint  : out:simpleOR^o_led~1.outpad[0] (.output clocked by virtual_io_clock)
Path Type : setup

Point                                                             Incr      Path
--------------------------------------------------------------------------------
clock virtual_io_clock (rise edge)                               0.000     0.000
clock source latency                                             0.000     0.000
input external delay                                             0.000     0.000
simpleOR^in~2.inpad[0] (.input)                                  0.000     0.000
simpleOR^o_led~1.in[0] (.names)                                  1.338     1.338
simpleOR^o_led~1.out[0] (.names)                                 0.152     1.490
out:simpleOR^o_led~1.outpad[0] (.output)                         1.338     2.828
data arrival time                                                          2.828

clock virtual_io_clock (rise edge)                               0.000     0.000
clock source latency                                             0.000     0.000
clock uncertainty                                                0.000     0.000
output external delay                                            0.000     0.000
data required time                                                         0.000
--------------------------------------------------------------------------------
data required time                                                         0.000
data arrival time                                                         -2.828
--------------------------------------------------------------------------------
slack (VIOLATED)                                                          -2.828


#Path 3
Startpoint: simpleOR^in~4.inpad[0] (.input clocked by virtual_io_clock)
Endpoint  : out:simpleOR^o_led~2.outpad[0] (.output clocked by virtual_io_clock)
Path Type : setup

Point                                                             Incr      Path
--------------------------------------------------------------------------------
clock virtual_io_clock (rise edge)                               0.000     0.000
clock source latency                                             0.000     0.000
input external delay                                             0.000     0.000
simpleOR^in~4.inpad[0] (.input)                                  0.000     0.000
simpleOR^o_led~2.in[0] (.names)                                  1.338     1.338
simpleOR^o_led~2.out[0] (.names)                                 0.152     1.490
out:simpleOR^o_led~2.outpad[0] (.output)                         1.338     2.828
data arrival time                                                          2.828

clock virtual_io_clock (rise edge)                               0.000     0.000
clock source latency                                             0.000     0.000
clock uncertainty                                                0.000     0.000
output external delay                                            0.000     0.000
data required time                                                         0.000
--------------------------------------------------------------------------------
data required time                                                         0.000
data arrival time                                                         -2.828
--------------------------------------------------------------------------------
slack (VIOLATED)                                                          -2.828


#Path 4
Startpoint: simpleOR^in~6.inpad[0] (.input clocked by virtual_io_clock)
Endpoint  : out:simpleOR^o_led~3.outpad[0] (.output clocked by virtual_io_clock)
Path Type : setup

Point                                                             Incr      Path
--------------------------------------------------------------------------------
clock virtual_io_clock (rise edge)                               0.000     0.000
clock source latency                                             0.000     0.000
input external delay                                             0.000     0.000
simpleOR^in~6.inpad[0] (.input)                                  0.000     0.000
simpleOR^o_led~3.in[0] (.names)                                  1.338     1.338
simpleOR^o_led~3.out[0] (.names)                                 0.152     1.490
out:simpleOR^o_led~3.outpad[0] (.output)                         1.338     2.828
data arrival time                                                          2.828

clock virtual_io_clock (rise edge)                               0.000     0.000
clock source latency                                             0.000     0.000
clock uncertainty                                                0.000     0.000
output external delay                                            0.000     0.000
data required time                                                         0.000
--------------------------------------------------------------------------------
data required time                                                         0.000
data arrival time                                                         -2.828
--------------------------------------------------------------------------------
slack (VIOLATED)                                                          -2.828


#Path 5
Startpoint: simpleOR^in~8.inpad[0] (.input clocked by virtual_io_clock)
Endpoint  : out:simpleOR^o_led~4.outpad[0] (.output clocked by virtual_io_clock)
Path Type : setup

Point                                                             Incr      Path
--------------------------------------------------------------------------------
clock virtual_io_clock (rise edge)                               0.000     0.000
clock source latency                                             0.000     0.000
input external delay                                             0.000     0.000
simpleOR^in~8.inpad[0] (.input)                                  0.000     0.000
simpleOR^o_led~4.in[0] (.names)                                  1.338     1.338
simpleOR^o_led~4.out[0] (.names)                                 0.152     1.490
out:simpleOR^o_led~4.outpad[0] (.output)                         1.338     2.828
data arrival time                                                          2.828

clock virtual_io_clock (rise edge)                               0.000     0.000
clock source latency                                             0.000     0.000
clock uncertainty                                                0.000     0.000
output external delay                                            0.000     0.000
data required time                                                         0.000
--------------------------------------------------------------------------------
data required time                                                         0.000
data arrival time                                                         -2.828
--------------------------------------------------------------------------------
slack (VIOLATED)                                                          -2.828


#Path 6
Startpoint: simpleOR^in~10.inpad[0] (.input clocked by virtual_io_clock)
Endpoint  : out:simpleOR^o_led~5.outpad[0] (.output clocked by virtual_io_clock)
Path Type : setup

Point                                                             Incr      Path
--------------------------------------------------------------------------------
clock virtual_io_clock (rise edge)                               0.000     0.000
clock source latency                                             0.000     0.000
input external delay                                             0.000     0.000
simpleOR^in~10.inpad[0] (.input)                                 0.000     0.000
simpleOR^o_led~5.in[0] (.names)                                  1.338     1.338
simpleOR^o_led~5.out[0] (.names)                                 0.152     1.490
out:simpleOR^o_led~5.outpad[0] (.output)                         1.338     2.828
data arrival time                                                          2.828

clock virtual_io_clock (rise edge)                               0.000     0.000
clock source latency                                             0.000     0.000
clock uncertainty                                                0.000     0.000
output external delay                                            0.000     0.000
data required time                                                         0.000
--------------------------------------------------------------------------------
data required time                                                         0.000
data arrival time                                                         -2.828
--------------------------------------------------------------------------------
slack (VIOLATED)                                                          -2.828


#Path 7
Startpoint: simpleOR^in~12.inpad[0] (.input clocked by virtual_io_clock)
Endpoint  : out:simpleOR^o_led~6.outpad[0] (.output clocked by virtual_io_clock)
Path Type : setup

Point                                                             Incr      Path
--------------------------------------------------------------------------------
clock virtual_io_clock (rise edge)                               0.000     0.000
clock source latency                                             0.000     0.000
input external delay                                             0.000     0.000
simpleOR^in~12.inpad[0] (.input)                                 0.000     0.000
simpleOR^o_led~6.in[0] (.names)                                  1.338     1.338
simpleOR^o_led~6.out[0] (.names)                                 0.152     1.490
out:simpleOR^o_led~6.outpad[0] (.output)                         1.338     2.828
data arrival time                                                          2.828

clock virtual_io_clock (rise edge)                               0.000     0.000
clock source latency                                             0.000     0.000
clock uncertainty                                                0.000     0.000
output external delay                                            0.000     0.000
data required time                                                         0.000
--------------------------------------------------------------------------------
data required time                                                         0.000
data arrival time                                                         -2.828
--------------------------------------------------------------------------------
slack (VIOLATED)                                                          -2.828


#End of timing report
